[2016.01.29-17.16.34:346][  0]Log file open, 01/29/16 12:16:34
[2016.01.29-17.16.34:346][  0]LogInit:Display: Running engine for game: Qbert
[2016.01.29-17.16.34:346][  0]LogInit:Display: RandInit(1313917577) SRandInit(1313917577).
[2016.01.29-17.16.34:346][  0]LogTaskGraph: Started task graph with 4 named threads and 8 total threads.
[2016.01.29-17.16.34:346][  0]LogStats: Stats thread started at 3.107743
[2016.01.29-17.16.34:346][  0]LogInit:Warning: Incompatible or missing module: UE4Editor-Qbert.dll
[2016.01.29-17.17.17:080][  0]Running C:/Program Files/Epic Games/4.9/Engine/Binaries/DotNET/UnrealBuildTool.exe Qbert Development Win64 -project="C:/Users/graphic/Documents/GitHub/Qbert/Qbert Unreal/Qbert.uproject" -rocket -editorrecompile -progress -noubtmakefiles
[2016.01.29-17.17.58:945][  0]@progress push 5%
[2016.01.29-17.18.01:067][  0]Parsing headers for QbertEditor
[2016.01.29-17.18.01:067][  0]  Running UnrealHeaderTool "C:/Users/graphic/Documents/GitHub/Qbert/Qbert Unreal/Qbert.uproject" "C:\Users\graphic\Documents\GitHub\Qbert\Qbert Unreal\Intermediate\Build\Win64\QbertEditor\Development\UnrealHeaderTool.manifest" -LogCmds="loginit warning, logexit warning, logdatabase error" -rocket -installed
[2016.01.29-17.18.14:298][  0]Reflection code generated for QbertEditor in 13.2666909 seconds
[2016.01.29-17.18.14:803][  0]@progress pop
[2016.01.29-17.18.20:359][  0]Performing 7 actions (18 in parallel)
[2016.01.29-17.18.20:359][  0][3/7] Resource ModuleVersionResource.rc.inl
[2016.01.29-17.18.20:359][  0][2/7] Resource PCLaunch.rc
[2016.01.29-17.18.20:563][  0]PCH.Qbert.h.cpp
[2016.01.29-17.19.08:742][  0]Qbert.generated.cpp
[2016.01.29-17.19.08:742][  0]QbertGameMode.cpp
[2016.01.29-17.19.08:742][  0]Qbert.cpp
[2016.01.29-17.19.09:148][  0][7/7] Link UE4Editor-Qbert.dll
[2016.01.29-17.19.10:663][  0]   Creating library C:\Users\graphic\Documents\GitHub\Qbert\Qbert Unreal\Intermediate/Build/Win64\UE4Editor\Development\UE4Editor-Qbert.lib and object C:\Users\graphic\Documents\GitHub\Qbert\Qbert Unreal\Intermediate/Build/Win64\UE4Editor\Development\UE4Editor-Qbert.exp
[2016.01.29-17.19.11:471][  0]-------- End Detailed Actions Stats -----------------------------------------------------------
[2016.01.29-17.19.11:572][  0]Total build time: 114.01 seconds
[2016.01.29-17.19.12:200][  0]LogInit: Version: 4.9.0-2672455+++depot+UE4-Releases+4.9
[2016.01.29-17.19.12:200][  0]LogInit: API Version: 2672455
[2016.01.29-17.19.12:200][  0]LogInit: Compiled (64-bit): Aug 28 2015 12:33:01
[2016.01.29-17.19.12:200][  0]LogInit: Compiled with Visual C++: 18.00.21005.01
[2016.01.29-17.19.12:200][  0]LogInit: Build Configuration: Development
[2016.01.29-17.19.12:200][  0]LogInit: Branch Name: ++depot+UE4-Releases+4.9
[2016.01.29-17.19.12:200][  0]LogInit: Command line:  
[2016.01.29-17.19.12:200][  0]LogInit: Base directory: C:/Program Files/Epic Games/4.9/Engine/Binaries/Win64/
[2016.01.29-17.19.12:200][  0]LogInit: Rocket: 1
[2016.01.29-17.19.16:853][  0]LogInit: Using libcurl 7.41.0
[2016.01.29-17.19.16:853][  0]LogInit:  - built for x86_64-pc-win32
[2016.01.29-17.19.16:853][  0]LogInit:  - supports SSL with WinSSL
[2016.01.29-17.19.16:853][  0]LogInit:  - other features:
[2016.01.29-17.19.16:853][  0]LogInit:      CURL_VERSION_SSL
[2016.01.29-17.19.16:853][  0]LogInit:      CURL_VERSION_IPV6
[2016.01.29-17.19.16:853][  0]LogInit:      CURL_VERSION_ASYNCHDNS
[2016.01.29-17.19.16:853][  0]LogInit:      CURL_VERSION_LARGEFILE
[2016.01.29-17.19.16:853][  0]LogInit:      CURL_VERSION_IDN
[2016.01.29-17.19.16:854][  0]LogInit:  CurlRequestOptions (configurable via config and command line):
[2016.01.29-17.19.16:854][  0]LogInit:  - bVerifyPeer = true  - Libcurl will verify peer certificate
[2016.01.29-17.19.16:854][  0]LogInit:  - bUseHttpProxy = false  - Libcurl will NOT use HTTP proxy
[2016.01.29-17.19.16:854][  0]LogInit:  - bDontReuseConnections = false  - Libcurl will reuse connections
[2016.01.29-17.19.16:854][  0]LogInit:  - CertBundlePath = nullptr  - Libcurl will use whatever was configured at build time.
[2016.01.29-17.19.17:299][  0]LogInit: Presizing for 0 objects not considered by GC, pre-allocating 0 bytes.
[2016.01.29-17.19.17:310][  0]LogInit: Object subsystem initialized
[2016.01.29-17.19.17:313][  0]LogInit: Selected Device Profile: [Windows]
[2016.01.29-17.19.17:313][  0]LogInit: Applying CVar settings loaded from the selected device profile: [Windows]
[2016.01.29-17.19.17:343][  0]LogInit: Computer: SOD-SJH-506-25W
[2016.01.29-17.19.17:343][  0]LogInit: User: graphic
[2016.01.29-17.19.17:343][  0]LogInit: CPU Page size=4096, Cores=12
[2016.01.29-17.19.17:343][  0]LogInit: High frequency timer resolution =2.597655 MHz
[2016.01.29-17.19.17:343][  0]LogMemory: Memory total: Physical=24.0GB (24GB approx)
[2016.01.29-17.19.17:343][  0]LogMemory: Platform Memory Stats for Windows
[2016.01.29-17.19.17:343][  0]LogMemory: Process Physical Memory: 55.90 MB used, 55.90 MB peak
[2016.01.29-17.19.17:343][  0]LogMemory: Process Virtual Memory: 55.86 MB used, 55.86 MB peak
[2016.01.29-17.19.17:343][  0]LogMemory: Physical Memory: 3336.59 MB used, 24563.54 MB total
[2016.01.29-17.19.17:343][  0]LogMemory: Virtual Memory: 367.14 MB used, 134217728.00 MB total
[2016.01.29-17.19.19:500][  0]LogTextLocalizationManager: No specific translations for ('en-US') exist, so ('en') translations will be used.
[2016.01.29-17.19.21:259][  0]LogD3D11RHI: Found D3D11 adapter 0: AMD Radeon HD 5800 Series (Feature Level 11_0)
[2016.01.29-17.19.21:259][  0]LogD3D11RHI: Adapter has 997MB of dedicated video memory, 0MB of dedicated system memory, and 12032MB of shared system memory, 2 output[s]
[2016.01.29-17.19.21:260][  0]LogD3D11RHI: Found D3D11 adapter 1: Microsoft Basic Render Driver (Feature Level 11_0)
[2016.01.29-17.19.21:260][  0]LogD3D11RHI: Adapter has 0MB of dedicated video memory, 0MB of dedicated system memory, and 256MB of shared system memory, 0 output[s]
[2016.01.29-17.19.21:260][  0]LogD3D11RHI: Chosen D3D11 Adapter Id = 0
[2016.01.29-17.19.21:265][  0]LogD3D11RHI: !Direct3DDevice
[2016.01.29-17.19.21:265][  0]LogRHI: Texture pool is 698 MB (70% of 997 MB)
[2016.01.29-17.19.21:271][  0]LogD3D11RHI: Async texture creation disabled: no driver support
[2016.01.29-17.19.21:294][  0]LogShaderCompilers: Guid format shader working directory is 15 characters bigger than the processId version (../../../../../../Users/graphic/Documents/GitHub/Qbert/Qbert Unreal/Intermediate/Shaders/WorkingDirectory/2672/).
[2016.01.29-17.19.21:294][  0]LogShaderCompilers: Cleaned the shader compiler working directory '../../../../../../Users/graphic/Documents/GitHub/Qbert/Qbert Unreal/Intermediate/Shaders/tmp/9888F23F4FE67D8C44364D9B5CE8B74B/'.
[2016.01.29-17.19.21:294][  0]LogShaderCompilers:Display: Using Local Shader Compiler.
[2016.01.29-17.19.27:682][  0]LogTemp:Display: Loaded TP AllDesktopTargetPlatform
[2016.01.29-17.19.27:690][  0]LogTemp:Display: Loaded TP WindowsClientTargetPlatform
[2016.01.29-17.19.27:697][  0]LogTemp:Display: Loaded TP WindowsNoEditorTargetPlatform
[2016.01.29-17.19.27:704][  0]LogTemp:Display: Loaded TP WindowsServerTargetPlatform
[2016.01.29-17.19.27:711][  0]LogTemp:Display: Loaded TP WindowsTargetPlatform
[2016.01.29-17.19.27:740][  0]LogTemp:Display: Loaded TP AndroidTargetPlatform
[2016.01.29-17.19.27:753][  0]LogTemp:Display: Loaded TP Android_ASTCTargetPlatform
[2016.01.29-17.19.27:767][  0]LogTemp:Display: Loaded TP Android_ATCTargetPlatform
[2016.01.29-17.19.27:797][  0]LogTemp:Display: Loaded TP Android_DXTTargetPlatform
[2016.01.29-17.19.27:806][  0]LogTemp:Display: Loaded TP Android_ETC1TargetPlatform
[2016.01.29-17.19.27:818][  0]LogTemp:Display: Loaded TP Android_ETC2TargetPlatform
[2016.01.29-17.19.27:826][  0]LogTemp:Display: Loaded TP Android_PVRTCTargetPlatform
[2016.01.29-17.19.27:827][  0]LogTemp:Display: Loaded TP HTML5TargetPlatform
[2016.01.29-17.19.27:943][  0]LogTemp:Display: Loaded TP IOSTargetPlatform
[2016.01.29-17.19.27:956][  0]LogTemp:Display: Loaded TP LinuxNoEditorTargetPlatform
[2016.01.29-17.19.27:969][  0]LogTemp:Display: Loaded TP LinuxServerTargetPlatform
[2016.01.29-17.19.27:991][  0]LogTemp:Display: Loaded TP LinuxTargetPlatform
[2016.01.29-17.19.27:991][  0]LogTargetPlatformManager:Display: Building Assets For Windows
[2016.01.29-17.19.28:848][  0]LogDerivedDataCache:Display: Max Cache Size: 512 MB
[2016.01.29-17.19.28:848][  0]LogDerivedDataCache:Display: Starting with empty Boot cache
[2016.01.29-17.19.28:849][  0]LogDerivedDataCache: FDerivedDataBackendGraph:  Pak pak cache file ../../../../../../Users/graphic/Documents/GitHub/Qbert/Qbert Unreal/DerivedDataCache/DDC.ddp not found, will not use a pak cache.
[2016.01.29-17.19.28:849][  0]LogDerivedDataCache: Unable to find inner node Pak for hierarchical cache Hierarchy.
[2016.01.29-17.19.28:849][  0]LogDerivedDataCache: FDerivedDataBackendGraph:  CompressedPak pak cache file ../../../../../../Users/graphic/Documents/GitHub/Qbert/Qbert Unreal/DerivedDataCache/Compressed.ddp not found, will not use a pak cache.
[2016.01.29-17.19.28:849][  0]LogDerivedDataCache: Unable to find inner node CompressedPak for hierarchical cache Hierarchy.
[2016.01.29-17.19.29:133][  0]LogDerivedDataCache:Display: Pak cache opened for reading ../../../Engine/DerivedDataCache/Compressed.ddp.
[2016.01.29-17.19.29:146][  0]LogDerivedDataCache: Using Local data cache path C:/Users/graphic/AppData/Local/UnrealEngine/Common/DerivedDataCache: Writable
[2016.01.29-17.19.37:414][  0]LogInit: Selected Device Profile: [Windows]
[2016.01.29-17.19.37:494][  0]LogContentStreaming: Texture pool size is 0.000000MB
[2016.01.29-17.19.37:938][  0]LogMeshUtilities: No automatic mesh reduction module available
[2016.01.29-17.19.37:938][  0]LogMeshUtilities: No automatic mesh merging module available
[2016.01.29-17.19.40:960][  0]LogInit: WinSock: version 1.1 (2.2), MaxSocks=32767, MaxUdp=65467
[2016.01.29-17.20.08:470][  0]UdpMessaging: Initializing bridge on interface 0.0.0.0:0 to multicast group 230.0.0.1:6666.
[2016.01.29-17.20.08:947][  0]LogAssetRegistry: FAssetRegistry took 0.0108 seconds to start up
[2016.01.29-17.20.11:176][  0]SourceControl: Info Source control is disabled
[2016.01.29-17.20.11:762][  0]SourceControl: Info Source control is disabled
[2016.01.29-17.20.11:776][  0]SourceControl: Info Source control is disabled
[2016.01.29-17.20.11:790][  0]SourceControl: Info Source control is disabled
[2016.01.29-17.20.12:267][  0]LogLinker:Warning: Asset '../../../Engine/Plugins/Runtime/LeapMotionController/Content/LM_PassthroughMaterial.uasset' has been saved with empty engine version. The asset will be loaded but may be incompatible.
[2016.01.29-17.20.13:010][  0]LogObj: 28365 objects as part of root set at end of initial load.
[2016.01.29-17.20.13:010][  0]LogUObjectAllocator: 6040840 out of 0 bytes used by permanent object pool.
[2016.01.29-17.20.13:576][  0]LogEngine: Initializing Engine...
[2016.01.29-17.20.13:580][  0]LogHMD: Can't find Oculus library dev build: is proper Runtime installed? Version: 0.6.0.0
[2016.01.29-17.20.13:656][  0]LogHMD: SteamVR failed to initialize.  Err: 110
[2016.01.29-17.20.15:102][  0]LogAIModule: Creating AISystem for world NewWorld
[2016.01.29-17.20.15:125][  0]LogInit: XAudio2 using 'Speakers (2- Display Audio)' : 2 channels at 44.1 kHz using 16 bits per sample (channel mask 0x3)
[2016.01.29-17.20.15:336][  0]LogInit: FAudioDevice initialized.
[2016.01.29-17.20.15:359][  0]LogDerivedDataCache: Saved boot cache 0.02s 41MB C:/Users/graphic/AppData/Local/UnrealEngine/4.9/DerivedDataCache/Boot.ddc.
[2016.01.29-17.20.15:369][  0]LogInit: Texture streaming: Enabled
[2016.01.29-17.20.15:377][  0]LogAnalytics: Creating configured Analytics provider AnalyticsET
[2016.01.29-17.20.15:389][  0]LogAnalytics: [UEEditor.Rocket.Release] APIServer = http://et2.epicgames.com/ET2/. AppVersion = 4.9.0-2672455+++depot+UE4-Releases+4.9
[2016.01.29-17.20.15:389][  0]LogAnalytics: [UEEditor.Rocket.Release] SetUserId 70e2e4fb4af24504b50392ade3626bcc|537452aed23647e4b8302495d8ec3407|80fce630-2f0a-43e0-9f64-f95df5caff15
[2016.01.29-17.20.15:389][  0]LogAnalytics: [UEEditor.Rocket.Release] AnalyticsET::StartSession
[2016.01.29-17.20.15:445][  0]LogWindowsTextInputMethodSystem:Display: IME system now deactivated.
[2016.01.29-17.20.15:445][  0]LogWindowsTextInputMethodSystem:Display: IME system now deactivated.
[2016.01.29-17.20.15:535][  0]LogInit: Transaction tracking system initialized
[2016.01.29-17.20.15:592][  0]BlueprintLog: New page: Editor Load
[2016.01.29-17.20.16:360][  0]LocalizationService: Info Localization service is disabled
[2016.01.29-17.20.16:852][  0]LogConsoleResponse:Display: 
[2016.01.29-17.20.18:732][  0]LogCook:Display: Done creating registry. It took  0.00s.
[2016.01.29-17.20.18:758][  0]LogFileCache: Scanning file cache for directory 'C:/Users/graphic/Documents/GitHub/Qbert/Qbert Unreal/Content/' took 0.01s
[2016.01.29-17.20.19:054][  0]SourceControl: Info Source control is disabled
[2016.01.29-17.20.19:055][  0]Cmd: MAP LOAD FILE="../../../../../../Users/graphic/Documents/GitHub/Qbert/Qbert Unreal/Content/StarterContent/Maps/Minimal_Default.umap" TEMPLATE=0 SHOWPROGRESS=1 FEATURELEVEL=3
[2016.01.29-17.20.19:055][  0]LightingResults: New page: Lighting Build
[2016.01.29-17.20.19:059][  0]MapCheck: New page: Map Check
[2016.01.29-17.20.19:059][  0]LightingResults: New page: Lighting Build
[2016.01.29-17.20.19:180][  0]LogParticles: Destroying 0 GPU particle simulations for FXSystem 0x000000B1E7E7DE40
[2016.01.29-17.20.20:569][  0]LogAIModule: Creating AISystem for world Minimal_Default
[2016.01.29-17.20.20:697][  0]LogEditorServer: Finished looking for orphan Actors (0.000 secs)
[2016.01.29-17.20.20:698][  0]Cmd: MAP CHECKDEP NOCLEARLOG
[2016.01.29-17.20.20:771][  0]MapCheck: Info Map check complete: 0 Error(s), 0 Warning(s), took 73.464ms to complete.
[2016.01.29-17.20.20:772][  0]LogFileHelpers: Loading map 'Minimal_Default' took 1.717
[2016.01.29-17.20.21:021][  0]LogCollectionManager: Loaded 0 collections in 0.002475 seconds
[2016.01.29-17.20.21:070][  0]LogFileCache: Scanning file cache for directory 'C:/Users/graphic/Documents/GitHub/Qbert/Qbert Unreal/Saved/Collections/' took 0.01s
[2016.01.29-17.20.21:070][  0]LogFileCache: Scanning file cache for directory 'C:/Users/graphic/Documents/GitHub/Qbert/Qbert Unreal/Content/Developers/graphic/Collections/' took 0.01s
[2016.01.29-17.20.21:070][  0]LogFileCache: Scanning file cache for directory 'C:/Users/graphic/Documents/GitHub/Qbert/Qbert Unreal/Content/Collections/' took 0.01s
[2016.01.29-17.20.21:070][  0]LogContentBrowser: Native class hierarchy populated in 0.0132 seconds. Added 1868 classes and 335 folders.
[2016.01.29-17.20.21:079][  0]LogCollectionManager: Rebuilt the GUID cache for 0 collections in 0.000011 seconds
[2016.01.29-17.20.21:089][  0]LogContentBrowser: Native class hierarchy updated for 'WidgetCarousel' in 0.0015 seconds. Added 0 classes and 0 folders.
[2016.01.29-17.20.22:092][  0]LogContentBrowser: Native class hierarchy updated for 'AddContentDialog' in 0.0016 seconds. Added 0 classes and 0 folders.
[2016.01.29-17.20.22:098][  0]LogContentBrowser: Native class hierarchy updated for 'SceneOutliner' in 0.0014 seconds. Added 1 classes and 2 folders.
[2016.01.29-17.20.22:244][  0]LogCrashTracker: Crashtracker disabled due to settings.
[2016.01.29-17.20.22:467][  0]LogLoad: Full Startup: 237.59 seconds (BP compile: 0.30 seconds)
[2016.01.29-17.20.22:622][  0]LogContentStreaming: Texture pool size now 1000 MB
[2016.01.29-17.20.22:923][  0]LogRenderer: Reallocating scene render targets to support 1616x816 (Frame:2).
[2016.01.29-17.20.23:453][  5]LogAssetRegistry: Asset discovery search completed in 14.5165 seconds
[2016.01.29-17.20.23:453][  5]LogCollectionManager: Rebuilt the object cache for 0 collections in 0.000001 seconds (found 0 objects)
[2016.01.29-17.20.23:453][  5]LogCollectionManager: Fixed up redirectors for 0 collections in 0.000054 seconds (updated 0 objects)
[2016.01.29-17.20.50:160][271]LogSynthBenchmark:Display: FSynthBenchmark (V0.95):  requested WorkScale=1.00
[2016.01.29-17.20.50:160][271]LogSynthBenchmark:Display: ===============
[2016.01.29-17.20.50:160][271]LogSynthBenchmark:Display: Main Processor:
[2016.01.29-17.20.50:217][271]LogSynthBenchmark:Display:          ... 0.029548 s/Run 'RayIntersect'
[2016.01.29-17.20.50:217][271]LogSynthBenchmark:Display:          ... 0.027024 s/Run 'Fractal'
[2016.01.29-17.20.50:217][271]LogSynthBenchmark:Display: 
[2016.01.29-17.20.50:217][271]LogSynthBenchmark:Display:   CompiledTarget_x_Bits: 64
[2016.01.29-17.20.50:217][271]LogSynthBenchmark:Display:   UE_BUILD_SHIPPING: 0
[2016.01.29-17.20.50:217][271]LogSynthBenchmark:Display:   UE_BUILD_TEST: 0
[2016.01.29-17.20.50:217][271]LogSynthBenchmark:Display:   UE_BUILD_DEBUG: 0
[2016.01.29-17.20.50:217][271]LogSynthBenchmark:Display:   TotalPhysicalGBRam: 24
[2016.01.29-17.20.50:217][271]LogSynthBenchmark:Display:   NumberOfCores (physical): 12
[2016.01.29-17.20.50:217][271]LogSynthBenchmark:Display:   NumberOfCores (logical): 24
[2016.01.29-17.20.50:217][271]LogSynthBenchmark:Display:   CPU Perf Index 0: 86.7
[2016.01.29-17.20.50:217][271]LogSynthBenchmark:Display:   CPU Perf Index 1: 105.8
[2016.01.29-17.20.50:217][271]LogSynthBenchmark:Display:  
[2016.01.29-17.20.50:217][271]LogSynthBenchmark:Display: Graphics:
[2016.01.29-17.20.50:217][271]LogSynthBenchmark:Display:   Adapter Name: 'AMD Radeon HD 5800 Series'
[2016.01.29-17.20.50:217][271]LogSynthBenchmark:Display:   (On Optimus the name might be wrong, memory should be ok)
[2016.01.29-17.20.50:217][271]LogSynthBenchmark:Display:   Vendor Id: 0x1002
[2016.01.29-17.20.50:217][271]LogSynthBenchmark:Display:   GPU Memory: 998/0/12032 MB
[2016.01.29-17.20.50:217][271]LogSynthBenchmark:Display:   CPUIndex: 86.7
[2016.01.29-17.20.50:217][271]LogSynthBenchmark:Display:   GPUIndex: -1.$
[2016.01.29-17.20.50:217][271]LogSynthBenchmark:Display: 
[2016.01.29-17.20.50:217][271]LogSynthBenchmark:Display:          ... Total Time: 0.056928 sec
[2016.01.29-17.38.34:298][527]Running C:/Program Files/Epic Games/4.9/Engine/Binaries/DotNET/UnrealBuildTool.exe  -projectfiles -project="C:/Users/graphic/Documents/GitHub/Qbert/Qbert Unreal/Qbert.uproject" -game -rocket -progress
[2016.01.29-17.38.36:319][527]Discovering modules, targets and source code for game...
[2016.01.29-17.38.45:322][527]LogVSAccessor:Warning: Couldn't access Visual Studio
[2016.01.29-17.38.45:327][527]Recompiling Qbert...
[2016.01.29-17.38.45:328][527]Launching UnrealBuildTool... [C:/Program Files/Epic Games/4.9/Engine/Binaries/DotNET/UnrealBuildTool.exe Qbert -ModuleWithSuffix Qbert 7291 Win64 Development -editorrecompile -canskiplink "C:/Users/graphic/Documents/GitHub/Qbert/Qbert Unreal/Qbert.uproject" -rocket  -rocket]
[2016.01.29-17.39.11:169][527]CompilerResultsLog: New page: Compilation - Jan 29, 2016, 7:39:11 AM
[2016.01.29-17.39.11:169][527]CompilerResultsLog: Info Performing full C++ include scan (hot reloading a new target)
[2016.01.29-17.39.11:170][527]CompilerResultsLog: Info Creating makefile for hot reloading Qbert (no existing makefile)
[2016.01.29-17.39.11:170][527]CompilerResultsLog: Info Compiling game modules for hot reload
[2016.01.29-17.39.11:170][527]CompilerResultsLog: Info Parsing headers for QbertEditor
[2016.01.29-17.39.11:170][527]CompilerResultsLog: Info   Running UnrealHeaderTool "C:/Users/graphic/Documents/GitHub/Qbert/Qbert Unreal/Qbert.uproject" "C:\Users\graphic\Documents\GitHub\Qbert\Qbert Unreal\Intermediate\Build\Win64\QbertEditor\Development\UnrealHeaderTool.manifest" -LogCmds="loginit warning, logexit warning, logdatabase error" -rocket -installed
[2016.01.29-17.39.11:170][527]CompilerResultsLog: Info Reflection code generated for QbertEditor in 11.449647 seconds
[2016.01.29-17.39.11:170][527]CompilerResultsLog: Info Performing 3 actions (18 in parallel)
[2016.01.29-17.39.11:170][527]CompilerResultsLog: Info Qbert.generated.cpp
[2016.01.29-17.39.11:170][527]CompilerResultsLog: Info Traverser.cpp
[2016.01.29-17.39.11:170][527]CompilerResultsLog: Info [3/3] Link UE4Editor-Qbert-7291.dll
[2016.01.29-17.39.11:170][527]CompilerResultsLog: Info    Creating library C:\Users\graphic\Documents\GitHub\Qbert\Qbert Unreal\Intermediate/Build/Win64\UE4Editor\Development\UE4Editor-Qbert-7291.lib and object C:\Users\graphic\Documents\GitHub\Qbert\Qbert Unreal\Intermediate/Build/Win64\UE4Editor\Development\UE4Editor-Qbert-7291.exp
[2016.01.29-17.39.11:170][527]CompilerResultsLog: Info -------- End Detailed Actions Stats -----------------------------------------------------------
[2016.01.29-17.39.11:170][527]CompilerResultsLog: Info Total build time: 25.63 seconds
[2016.01.29-17.39.11:170][527]LogMainFrame: MainFrame: Module compiling took 25.848 seconds
[2016.01.29-17.39.11:215][527]LogClass: Could not find existing class Traverser in package /Script/Qbert for HotReload, assuming new class
[2016.01.29-17.39.11:217][527]LogContentBrowser: Native class hierarchy updated for 'Qbert' in 0.0017 seconds. Added 2 classes and 2 folders.
[2016.01.29-17.39.11:218][527]Warning: HotReload successful (0 functions remapped  0 scriptstructs remapped)
[2016.01.29-17.39.11:293][527]LogContentBrowser: Native class hierarchy populated in 0.0131 seconds. Added 1870 classes and 337 folders.
[2016.01.29-17.39.11:294][527]Warning: HotReload operation took 26.0s.
[2016.01.29-17.39.11:461][527]LogHotReload: New module detected: UE4Editor-Qbert-7291.dll
[2016.01.29-17.39.11:533][528]LogHotReload: Starting Hot-Reload from IDE
[2016.01.29-17.39.11:712][528]LogContentBrowser: Native class hierarchy updated for 'Qbert' in 0.0016 seconds. Added 2 classes and 2 folders.
[2016.01.29-17.39.11:713][528]Warning: HotReload successful (0 functions remapped  0 scriptstructs remapped)
[2016.01.29-17.39.11:734][528]LogContentBrowser: Native class hierarchy populated in 0.0128 seconds. Added 1870 classes and 337 folders.
[2016.01.29-17.39.49:422][ 50]LogVSAccessor:Warning: Visual Studio is open but could not be queried - it may be blocked by a modal operation
[2016.01.29-17.39.49:449][ 51]LogVSAccessor:Warning: Visual Studio is open but could not be queried - it may be blocked by a modal operation
[2016.01.29-17.39.49:773][ 52]LogVSAccessor:Warning: Visual Studio is open but could not be queried - it may be blocked by a modal operation
[2016.01.29-17.39.50:106][ 53]LogVSAccessor:Warning: Visual Studio is open but could not be queried - it may be blocked by a modal operation
[2016.01.29-17.39.50:443][ 54]LogVSAccessor:Warning: Visual Studio is open but could not be queried - it may be blocked by a modal operation
[2016.01.29-17.39.50:773][ 55]LogVSAccessor:Warning: Visual Studio is open but could not be queried - it may be blocked by a modal operation
[2016.01.29-17.39.51:110][ 56]LogVSAccessor:Warning: Visual Studio is open but could not be queried - it may be blocked by a modal operation
[2016.01.29-17.39.51:438][ 57]LogVSAccessor:Warning: Visual Studio is open but could not be queried - it may be blocked by a modal operation
[2016.01.29-17.39.52:154][ 58]LogVSAccessor:Warning: Visual Studio is open but could not be queried - it may be blocked by a modal operation
[2016.01.29-17.39.52:181][ 59]LogVSAccessor:Warning: Visual Studio is open but could not be queried - it may be blocked by a modal operation
[2016.01.29-17.40.04:055][ 60]LogVSAccessor:Warning: Couldn't goto line number '0' in 'C:/Users/graphic/Documents/GitHub/Qbert/Qbert Unreal/Source/Qbert/Traverser.h'
[2016.01.29-17.40.04:229][ 60]LogVSAccessor:Warning: Couldn't goto line number '0' in 'C:/Users/graphic/Documents/GitHub/Qbert/Qbert Unreal/Source/Qbert/Traverser.cpp'
[2016.01.29-18.44.08:388][633]AssetReimport: New page: Outstanding source content changes 8:44:08 AM
[2016.01.29-18.44.08:389][633]LogFactory: FactoryCreateBinary: Texture with ReimportTextureFactory (0 0 C:/Users/graphic/Documents/GitHub/Qbert/Qbert Unreal/Content/Developers/QBertSpritesheet.png)
[2016.01.29-18.44.08:838][634]Cmd: OBJ SAVEPACKAGE PACKAGE="/Game/Developers/QBertSpritesheet" FILE="../../../../../../Users/graphic/Documents/GitHub/Qbert/Qbert Unreal/Content/Developers/QBertSpritesheet.uasset" SILENT=true
[2016.01.29-18.44.08:874][634]LogSavePackage: Save=33.957550ms
[2016.01.29-18.44.08:874][634]LogSavePackage: Moving '../../../../../../Users/graphic/Documents/GitHub/Qbert/Qbert Unreal/Saved/QBertSpritesheetB71AF2654332A582B4CFDC9043AED6BB.tmp' to '../../../../../../Users/graphic/Documents/GitHub/Qbert/Qbert Unreal/Content/Developers/QBertSpritesheet.uasset'
[2016.01.29-18.44.08:878][634]LogSavePackage: Total save time: 38.657174ms
[2016.01.29-18.44.08:878][634]LogSavePackage:Warning: Finished SavePackage ../../../../../../Users/graphic/Documents/GitHub/Qbert/Qbert Unreal/Content/Developers/QBertSpritesheet.uasset
[2016.01.29-18.44.13:776][650]AssetReimport: Info Importing new asset /Game/Developers/QBertSpritesheet.
[2016.01.29-18.45.15:509][263]LogFactory: FactoryCreateBinary: Texture with ReimportTextureFactory (0 0 ../../../../../../Users/graphic/Documents/GitHub/Qbert/Qbert Unreal/Content/Developers/QBertSpritesheet.png)
[2016.01.29-18.45.15:524][263]LogTexture:Display: Building textures: QBertSpritesheet (AutoDXT)
[2016.01.29-18.45.38:785][870]LogFileHelpers: Editor autosave (incl. sublevels) for '/Game/StarterContent/Maps/Minimal_Default' took 0.016
[2016.01.29-18.45.38:789][870]OBJ SavePackage: Generating thumbnails for [1] asset(s) in package [/Game/QBertSpritesheet] ([1] browsable assets)...
[2016.01.29-18.45.38:797][870]OBJ SavePackage:     Rendered thumbnail for [Texture2D /Game/QBertSpritesheet.QBertSpritesheet]
[2016.01.29-18.45.38:797][870]OBJ SavePackage: Finished generating thumbnails for package [/Game/QBertSpritesheet]
[2016.01.29-18.45.38:810][870]LogSavePackage: Save=11.277094ms
[2016.01.29-18.45.38:810][870]LogSavePackage: Moving '../../../../../../Users/graphic/Documents/GitHub/Qbert/Qbert Unreal/Saved/QBertSpritesheet_Auto194DDF95049DEA269EEE8769B6EAE1D2A.tmp' to '../../../../../../Users/graphic/Documents/GitHub/Qbert/Qbert Unreal/Saved/Autosaves/Game/QBertSpritesheet_Auto1.uasset'
[2016.01.29-18.45.38:811][870]LogSavePackage: Total save time: 12.844659ms
[2016.01.29-18.45.38:811][870]LogSavePackage:Warning: Finished SavePackage ../../../../../../Users/graphic/Documents/GitHub/Qbert/Qbert Unreal/Saved/Autosaves/Game/QBertSpritesheet_Auto1.uasset
[2016.01.29-18.45.38:811][870]LogFileHelpers: Auto-saving content packages took 0.025
[2016.01.29-19.38.39:546][384]LogParticles: Destroying 0 GPU particle simulations for FXSystem 0x000000B1F6916F20
[2016.01.29-19.40.34:981][518]LogParticles: Destroying 0 GPU particle simulations for FXSystem 0x000000B183DD8D60
[2016.01.29-19.50.28:457][740]LogContentBrowser: Native class hierarchy updated for 'TextureEditor' in 0.0016 seconds. Added 1 classes and 2 folders.
[2016.01.29-19.51.21:173][561]Cmd: OBJ SAVEPACKAGE PACKAGE="/Game/QBertSpritesheet" FILE="../../../../../../Users/graphic/Documents/GitHub/Qbert/Qbert Unreal/Content/QBertSpritesheet.uasset" SILENT=true
[2016.01.29-19.51.21:209][561]LogSavePackage: Save=31.539600ms
[2016.01.29-19.51.21:209][561]LogSavePackage: Moving '../../../../../../Users/graphic/Documents/GitHub/Qbert/Qbert Unreal/Saved/QBertSpritesheet1BD789B2471F86231AEC9A86C7D0C250.tmp' to '../../../../../../Users/graphic/Documents/GitHub/Qbert/Qbert Unreal/Content/QBertSpritesheet.uasset'
[2016.01.29-19.51.21:214][561]LogSavePackage: Total save time: 36.171854ms
[2016.01.29-19.51.21:214][561]LogSavePackage:Warning: Finished SavePackage ../../../../../../Users/graphic/Documents/GitHub/Qbert/Qbert Unreal/Content/QBertSpritesheet.uasset
[2016.01.29-19.51.21:334][561]LogWindowsTextInputMethodSystem:Display: IME system now deactivated.
[2016.01.29-19.51.21:334][561]LogWindowsTextInputMethodSystem:Display: IME system now deactivated.
[2016.01.29-19.51.21:693][562]Cmd: QUIT_EDITOR
[2016.01.29-19.51.22:105][562]LogExit: Preparing to exit.
[2016.01.29-19.51.23:143][562]LogExit: Editor shut down
[2016.01.29-19.51.23:144][562]LogExit: Transaction tracking system shut down
[2016.01.29-19.51.23:145][562]LogParticles: Destroying 0 GPU particle simulations for FXSystem 0x000000B183DD8400
[2016.01.29-19.51.23:180][562]LogParticles: Destroying 0 GPU particle simulations for FXSystem 0x000000B1DF64DEE0
[2016.01.29-19.51.23:180][562]LogParticles: Destroying 0 GPU particle simulations for FXSystem 0x000000B1EEE26340
[2016.01.29-19.51.23:369][562]LogExit: Object subsystem successfully closed.
[2016.01.29-19.51.23:422][562]LogD3D11RHI: Shutdown
[2016.01.29-19.51.23:422][562]LogD3D11RHI: CleanupD3DDevice
[2016.01.29-19.51.23:522][562]LogD3D11RHI: ~FD3D11DynamicRHI
[2016.01.29-19.51.23:550][562]LogModuleManager: Shutting down and abandoning module TextureEditor (200)
[2016.01.29-19.51.23:550][562]LogModuleManager: Shutting down and abandoning module SynthBenchmark (199)
[2016.01.29-19.51.23:550][562]LogModuleManager: Shutting down and abandoning module CrashTracker (198)
[2016.01.29-19.51.23:550][562]LogModuleManager: Shutting down and abandoning module SceneOutliner (197)
[2016.01.29-19.51.23:550][562]LogModuleManager: Shutting down and abandoning module SuperSearch (196)
[2016.01.29-19.51.23:550][562]LogModuleManager: Shutting down and abandoning module WidgetCarousel (195)
[2016.01.29-19.51.23:551][562]LogModuleManager: Shutting down and abandoning module AddContentDialog (194)
[2016.01.29-19.51.23:557][562]LogModuleManager: Shutting down and abandoning module EditorWidgets (193)
[2016.01.29-19.51.23:557][562]LogModuleManager: Shutting down and abandoning module CollectionManager (192)
[2016.01.29-19.51.23:557][562]LogModuleManager: Shutting down and abandoning module StatsViewer (191)
[2016.01.29-19.51.23:557][562]LogModuleManager: Shutting down and abandoning module FoliageEdit (190)
[2016.01.29-19.51.23:557][562]LogModuleManager: Shutting down and abandoning module LandscapeEditor (189)
[2016.01.29-19.51.23:558][562]LogModuleManager: Shutting down and abandoning module ActorPickerMode (188)
[2016.01.29-19.51.23:558][562]LogModuleManager: Shutting down and abandoning module GeometryMode (187)
[2016.01.29-19.51.23:558][562]LogModuleManager: Shutting down and abandoning module TextureAlignMode (186)
[2016.01.29-19.51.23:558][562]LogModuleManager: Shutting down and abandoning module BspMode (185)
[2016.01.29-19.51.23:558][562]LogModuleManager: Shutting down and abandoning module PlacementMode (184)
[2016.01.29-19.51.23:558][562]LogModuleManager: Shutting down and abandoning module AutomationWorker (183)
[2016.01.29-19.51.23:558][562]LogModuleManager: Shutting down and abandoning module CharacterAI (182)
[2016.01.29-19.51.23:558][562]LogModuleManager: Shutting down and abandoning module SmartSnapping (181)
[2016.01.29-19.51.23:558][562]LogModuleManager: Shutting down and abandoning module ViewportSnapping (180)
[2016.01.29-19.51.23:558][562]LogModuleManager: Shutting down and abandoning module LogVisualizer (179)
[2016.01.29-19.51.23:558][562]LogModuleManager: Shutting down and abandoning module GameProjectGeneration (178)
[2016.01.29-19.51.23:558][562]LogModuleManager: Shutting down and abandoning module IntroTutorials (177)
[2016.01.29-19.51.23:558][562]LogModuleManager: Shutting down and abandoning module EditorLiveStreaming (176)
[2016.01.29-19.51.23:558][562]LogModuleManager: Shutting down and abandoning module IOSPlatformEditor (175)
[2016.01.29-19.51.23:558][562]LogModuleManager: Shutting down and abandoning module HTML5PlatformEditor (174)
[2016.01.29-19.51.23:558][562]LogModuleManager: Shutting down and abandoning module AndroidDeviceDetection (173)
[2016.01.29-19.51.24:233][562]LogModuleManager: Shutting down and abandoning module AndroidPlatformEditor (172)
[2016.01.29-19.51.24:233][562]LogModuleManager: Shutting down and abandoning module IOSRuntimeSettings (171)
[2016.01.29-19.51.24:233][562]LogModuleManager: Shutting down and abandoning module AndroidRuntimeSettings (170)
[2016.01.29-19.51.24:233][562]LogModuleManager: Shutting down and abandoning module MergeActors (169)
[2016.01.29-19.51.24:233][562]LogModuleManager: Shutting down and abandoning module SizeMap (168)
[2016.01.29-19.51.24:233][562]LogModuleManager: Shutting down and abandoning module TreeMap (167)
[2016.01.29-19.51.24:233][562]LogModuleManager: Shutting down and abandoning module ReferenceViewer (166)
[2016.01.29-19.51.24:233][562]LogModuleManager: Shutting down and abandoning module LocalizationService (165)
[2016.01.29-19.51.24:233][562]LogModuleManager: Shutting down and abandoning module LocalizationDashboard (164)
[2016.01.29-19.51.24:233][562]LogModuleManager: Shutting down and abandoning module HardwareTargeting (163)
[2016.01.29-19.51.24:233][562]LogModuleManager: Shutting down and abandoning module DeviceProfileEditor (162)
[2016.01.29-19.51.24:233][562]LogModuleManager: Shutting down and abandoning module UndoHistory (161)
[2016.01.29-19.51.24:233][562]LogModuleManager: Shutting down and abandoning module GameplayTagsEditor (160)
[2016.01.29-19.51.24:233][562]LogModuleManager: Shutting down and abandoning module UserFeedback (159)
[2016.01.29-19.51.24:233][562]LogModuleManager: Shutting down and abandoning module XmlParser (158)
[2016.01.29-19.51.24:233][562]LogModuleManager: Shutting down and abandoning module Blutility (157)
[2016.01.29-19.51.24:233][562]LogModuleManager: Shutting down and abandoning module ProjectTargetPlatformEditor (156)
[2016.01.29-19.51.24:233][562]LogModuleManager: Shutting down and abandoning module ProjectSettingsViewer (155)
[2016.01.29-19.51.24:233][562]LogModuleManager: Shutting down and abandoning module InputBindingEditor (154)
[2016.01.29-19.51.24:234][562]LogModuleManager: Shutting down and abandoning module EditorSettingsViewer (153)
[2016.01.29-19.51.24:234][562]LogModuleManager: Shutting down and abandoning module SettingsEditor (152)
[2016.01.29-19.51.24:234][562]LogModuleManager: Shutting down and abandoning module ProjectLauncher (151)
[2016.01.29-19.51.24:234][562]LogModuleManager: Shutting down and abandoning module SessionFrontend (150)
[2016.01.29-19.51.24:234][562]LogModuleManager: Shutting down and abandoning module ProfilerClient (149)
[2016.01.29-19.51.24:234][562]LogModuleManager: Shutting down and abandoning module TargetDeviceServices (148)
[2016.01.29-19.51.24:234][562]LogModuleManager: Shutting down and abandoning module DeviceManager (147)
[2016.01.29-19.51.24:234][562]LogModuleManager: Shutting down and abandoning module AutomationController (146)
[2016.01.29-19.51.24:234][562]LogModuleManager: Shutting down and abandoning module AutomationWindow (145)
[2016.01.29-19.51.24:234][562]LogModuleManager: Shutting down and abandoning module Layers (144)
[2016.01.29-19.51.24:234][562]LogModuleManager: Shutting down and abandoning module ComponentVisualizers (143)
[2016.01.29-19.51.24:234][562]LogModuleManager: Shutting down and abandoning module DetailCustomizations (142)
[2016.01.29-19.51.24:234][562]LogModuleManager: Shutting down and abandoning module PackagesDialog (141)
[2016.01.29-19.51.24:234][562]LogModuleManager: Shutting down and abandoning module Persona (140)
[2016.01.29-19.51.24:235][562]LogModuleManager: Shutting down and abandoning module Kismet (139)
[2016.01.29-19.51.24:235][562]LogModuleManager: Shutting down and abandoning module GraphEditor (138)
[2016.01.29-19.51.24:235][562]LogModuleManager: Shutting down and abandoning module ClassViewer (137)
[2016.01.29-19.51.24:236][562]LogModuleManager: Shutting down and abandoning module Toolbox (136)
[2016.01.29-19.51.24:236][562]LogModuleManager: Shutting down and abandoning module ModuleUI (135)
[2016.01.29-19.51.24:236][562]LogModuleManager: Shutting down and abandoning module MovieSceneTools (134)
[2016.01.29-19.51.24:236][562]LogModuleManager: Shutting down and abandoning module OutputLog (133)
[2016.01.29-19.51.24:236][562]LogModuleManager: Shutting down and abandoning module GammaUI (132)
[2016.01.29-19.51.24:236][562]LogModuleManager: Shutting down and abandoning module Documentation (131)
[2016.01.29-19.51.24:236][562]LogModuleManager: Shutting down and abandoning module GameLiveStreaming (130)
[2016.01.29-19.51.24:236][562]LogModuleManager: Shutting down and abandoning module StreamingPauseRendering (129)
[2016.01.29-19.51.24:237][562]LogModuleManager: Shutting down and abandoning module AnalyticsET (128)
[2016.01.29-19.51.24:237][562]LogModuleManager: Shutting down and abandoning module Analytics (127)
[2016.01.29-19.51.24:237][562]LogModuleManager: Shutting down and abandoning module AITestSuite (126)
[2016.01.29-19.51.24:237][562]LogModuleManager: Shutting down and abandoning module GameplayDebugger (125)
[2016.01.29-19.51.24:237][562]LogModuleManager: Shutting down and abandoning module AIModule (124)
[2016.01.29-19.51.24:237][562]LogModuleManager: Shutting down and abandoning module ProfilerService (123)
[2016.01.29-19.51.24:453][562]LogModuleManager: Shutting down and abandoning module TaskGraph (122)
[2016.01.29-19.51.24:453][562]LogModuleManager: Shutting down and abandoning module SlateRemote (121)
[2016.01.29-19.51.24:453][562]LogModuleManager: Shutting down and abandoning module SteamVRController (120)
[2016.01.29-19.51.24:453][562]LogModuleManager: Shutting down and abandoning module SteamVR (119)
[2016.01.29-19.51.24:453][562]LogModuleManager: Shutting down and abandoning module ProceduralMeshComponent (118)
[2016.01.29-19.51.24:453][562]LogModuleManager: Shutting down and abandoning module OculusRift (117)
[2016.01.29-19.51.24:453][562]LogModuleManager: Shutting down and abandoning module OculusLibrary (116)
[2016.01.29-19.51.24:453][562]LogModuleManager: Shutting down and abandoning module LeapMotionController (115)
[2016.01.29-19.51.24:470][562]LogModuleManager: Shutting down and abandoning module CustomMeshComponent (114)
[2016.01.29-19.51.24:470][562]LogModuleManager: Shutting down and abandoning module CableComponent (113)
[2016.01.29-19.51.24:470][562]LogModuleManager: Shutting down and abandoning module ArchVisCharacter (112)
[2016.01.29-19.51.24:470][562]LogModuleManager: Shutting down and abandoning module MessagingDebugger (111)
[2016.01.29-19.51.24:470][562]LogModuleManager: Shutting down and abandoning module MediaPlayerEditor (110)
[2016.01.29-19.51.24:470][562]LogModuleManager: Shutting down and abandoning module HTML5Networking (109)
[2016.01.29-19.51.24:470][562]LogModuleManager: Shutting down and abandoning module SpeedTreeImporter (108)
[2016.01.29-19.51.24:470][562]LogModuleManager: Shutting down and abandoning module PluginBrowser (107)
[2016.01.29-19.51.24:470][562]LogModuleManager: Shutting down and abandoning module EpicSurvey (106)
[2016.01.29-19.51.24:470][562]LogModuleManager: Shutting down and abandoning module VisualStudioSourceCodeAccess (105)
[2016.01.29-19.51.24:470][562]LogModuleManager: Shutting down and abandoning module UObjectPlugin (104)
[2016.01.29-19.51.24:470][562]LogModuleManager: Shutting down and abandoning module SubversionSourceControl (103)
[2016.01.29-19.51.24:470][562]LogModuleManager: Shutting down and abandoning module PerforceSourceControl (102)
[2016.01.29-19.51.24:470][562]LogModuleManager: Shutting down and abandoning module SourceControl (101)
[2016.01.29-19.51.24:472][562]LogModuleManager: Shutting down and abandoning module GitSourceControl (100)
[2016.01.29-19.51.24:472][562]LogModuleManager: Shutting down and abandoning module LightPropagationVolumeEditor (99)
[2016.01.29-19.51.24:472][562]LogModuleManager: Shutting down and abandoning module PaperTiledImporter (98)
[2016.01.29-19.51.24:472][562]LogModuleManager: Shutting down and abandoning module PaperSpriteSheetImporter (97)
[2016.01.29-19.51.24:472][562]LogModuleManager: Shutting down and abandoning module MeshPaint (96)
[2016.01.29-19.51.24:472][562]LogModuleManager: Shutting down and abandoning module SlateReflector (95)
[2016.01.29-19.51.24:472][562]LogModuleManager: Shutting down and abandoning module HotReload (94)
[2016.01.29-19.51.24:472][562]LogModuleManager: Shutting down and abandoning module MainFrame (93)
[2016.01.29-19.51.24:472][562]LogModuleManager: Shutting down and abandoning module LevelEditor (92)
[2016.01.29-19.51.24:473][562]LogModuleManager: Shutting down and abandoning module DirectoryWatcher (91)
[2016.01.29-19.51.24:478][562]LogModuleManager: Shutting down and abandoning module AssetRegistry (90)
[2016.01.29-19.51.24:551][562]LogModuleManager: Shutting down and abandoning module ContentBrowser (89)
[2016.01.29-19.51.24:552][562]LogModuleManager: Shutting down and abandoning module Paper2DEditor (88)
[2016.01.29-19.51.24:552][562]LogModuleManager: Shutting down and abandoning module Qbert (87)
[2016.01.29-19.51.24:552][562]LogModuleManager: Shutting down and abandoning module UdpMessaging (86)
[2016.01.29-19.51.24:653][562]LogModuleManager: Shutting down and abandoning module LightPropagationVolumeRuntime (85)
[2016.01.29-19.51.24:653][562]LogModuleManager: Shutting down and abandoning module Paper2D (84)
[2016.01.29-19.51.24:653][562]LogModuleManager: Shutting down and abandoning module WindowsMoviePlayer (83)
[2016.01.29-19.51.24:657][562]LogModuleManager: Shutting down and abandoning module Media (82)
[2016.01.29-19.51.24:657][562]LogModuleManager: Shutting down and abandoning module WmfMedia (81)
[2016.01.29-19.51.24:657][562]LogModuleManager: Shutting down and abandoning module OnlineBlueprintSupport (80)
[2016.01.29-19.51.24:657][562]LogModuleManager: Shutting down and abandoning module GameplayTasksEditor (79)
[2016.01.29-19.51.24:657][562]LogModuleManager: Shutting down and abandoning module PropertyEditor (78)
[2016.01.29-19.51.24:657][562]LogModuleManager: Shutting down and abandoning module BehaviorTreeEditor (77)
[2016.01.29-19.51.24:657][562]LogModuleManager: Shutting down and abandoning module FunctionalTesting (76)
[2016.01.29-19.51.24:657][562]LogModuleManager: Shutting down and abandoning module CollisionAnalyzer (75)
[2016.01.29-19.51.24:657][562]LogModuleManager: Shutting down and abandoning module WorkspaceMenuStructure (74)
[2016.01.29-19.51.24:657][562]LogModuleManager: Shutting down and abandoning module MessageLog (73)
[2016.01.29-19.51.24:657][562]LogModuleManager: Shutting down and abandoning module Sequencer (72)
[2016.01.29-19.51.24:658][562]LogModuleManager: Shutting down and abandoning module AssetTools (71)
[2016.01.29-19.51.24:658][562]LogModuleManager: Shutting down and abandoning module UMGEditor (70)
[2016.01.29-19.51.24:658][562]LogModuleManager: Shutting down and abandoning module UMG (69)
[2016.01.29-19.51.24:658][562]LogModuleManager: Shutting down and abandoning module Slate (68)
[2016.01.29-19.51.24:658][562]LogModuleManager: Shutting down and abandoning module EditorStyle (67)
[2016.01.29-19.51.24:661][562]LogModuleManager: Shutting down and abandoning module SessionServices (66)
[2016.01.29-19.51.24:661][562]LogModuleManager: Shutting down and abandoning module SourceCodeAccess (65)
[2016.01.29-19.51.24:661][562]LogModuleManager: Shutting down and abandoning module HeadMountedDisplay (64)
[2016.01.29-19.51.24:661][562]LogModuleManager: Shutting down and abandoning module XAudio2 (63)
[2016.01.29-19.51.24:661][562]LogModuleManager: Shutting down and abandoning module Networking (61)
[2016.01.29-19.51.24:661][562]LogModuleManager: Shutting down and abandoning module Core (60)
[2016.01.29-19.51.24:661][562]LogModuleManager: Shutting down and abandoning module KismetCompiler (59)
[2016.01.29-19.51.24:661][562]LogModuleManager: Shutting down and abandoning module PhysXFormats (58)
[2016.01.29-19.51.24:661][562]LogModuleManager: Shutting down and abandoning module MeshUtilities (57)
[2016.01.29-19.51.24:661][562]LogModuleManager: Shutting down and abandoning module CookingStats (56)
[2016.01.29-19.51.24:662][562]LogModuleManager: Shutting down and abandoning module DerivedDataCache (55)
[2016.01.29-19.51.24:756][562]LogDerivedDataCache: Shutdown
[2016.01.29-19.51.24:756][562]LogModuleManager: Shutting down and abandoning module ShaderFormatOpenGL (54)
[2016.01.29-19.51.24:756][562]LogModuleManager: Shutting down and abandoning module ShaderFormatD3D (53)
[2016.01.29-19.51.24:756][562]LogModuleManager: Shutting down and abandoning module MetalShaderFormat (52)
[2016.01.29-19.51.24:756][562]LogModuleManager: Shutting down and abandoning module TextureFormatUncompressed (51)
[2016.01.29-19.51.24:756][562]LogModuleManager: Shutting down and abandoning module TextureFormatPVR (50)
[2016.01.29-19.51.24:756][562]LogModuleManager: Shutting down and abandoning module TextureFormatIntelISPCTexComp (49)
[2016.01.29-19.51.24:756][562]LogModuleManager: Shutting down and abandoning module TextureFormatDXT (48)
[2016.01.29-19.51.24:756][562]LogModuleManager: Shutting down and abandoning module ImageWrapper (47)
[2016.01.29-19.51.24:756][562]LogModuleManager: Shutting down and abandoning module TextureFormatASTC (46)
[2016.01.29-19.51.24:756][562]LogModuleManager: Shutting down and abandoning module TextureFormatAndroid (45)
[2016.01.29-19.51.24:756][562]LogModuleManager: Shutting down and abandoning module AudioFormatOpus (44)
[2016.01.29-19.51.24:756][562]LogModuleManager: Shutting down and abandoning module AudioFormatOgg (43)
[2016.01.29-19.51.24:756][562]LogModuleManager: Shutting down and abandoning module AudioFormatADPCM (42)
[2016.01.29-19.51.24:756][562]LogModuleManager: Shutting down and abandoning module LinuxTargetPlatform (41)
[2016.01.29-19.51.24:756][562]LogModuleManager: Shutting down and abandoning module LinuxServerTargetPlatform (40)
[2016.01.29-19.51.24:756][562]LogModuleManager: Shutting down and abandoning module LinuxNoEditorTargetPlatform (39)
[2016.01.29-19.51.24:756][562]LogModuleManager: Shutting down and abandoning module Messaging (38)
[2016.01.29-19.51.24:756][562]LogModuleManager: Shutting down and abandoning module IOSTargetPlatform (37)
[2016.01.29-19.51.24:756][562]LogModuleManager: Shutting down and abandoning module HTML5TargetPlatform (36)
[2016.01.29-19.51.24:756][562]LogModuleManager: Shutting down and abandoning module Android_PVRTCTargetPlatform (35)
[2016.01.29-19.51.24:756][562]LogModuleManager: Shutting down and abandoning module Android_ETC2TargetPlatform (34)
[2016.01.29-19.51.24:756][562]LogModuleManager: Shutting down and abandoning module Android_ETC1TargetPlatform (33)
[2016.01.29-19.51.24:756][562]LogModuleManager: Shutting down and abandoning module Android_DXTTargetPlatform (32)
[2016.01.29-19.51.24:756][562]LogModuleManager: Shutting down and abandoning module Android_ATCTargetPlatform (31)
[2016.01.29-19.51.24:756][562]LogModuleManager: Shutting down and abandoning module Android_ASTCTargetPlatform (30)
[2016.01.29-19.51.24:756][562]LogModuleManager: Shutting down and abandoning module AndroidTargetPlatform (29)
[2016.01.29-19.51.24:756][562]LogModuleManager: Shutting down and abandoning module WindowsTargetPlatform (28)
[2016.01.29-19.51.24:756][562]LogModuleManager: Shutting down and abandoning module WindowsServerTargetPlatform (27)
[2016.01.29-19.51.24:756][562]LogModuleManager: Shutting down and abandoning module WindowsNoEditorTargetPlatform (26)
[2016.01.29-19.51.24:756][562]LogModuleManager: Shutting down and abandoning module WindowsClientTargetPlatform (25)
[2016.01.29-19.51.24:756][562]LogModuleManager: Shutting down and abandoning module AllDesktopTargetPlatform (24)
[2016.01.29-19.51.24:756][562]LogModuleManager: Shutting down and abandoning module TargetPlatform (23)
[2016.01.29-19.51.24:756][562]LogModuleManager: Shutting down and abandoning module InputCore (22)
[2016.01.29-19.51.24:756][562]LogModuleManager: Shutting down and abandoning module Settings (21)
[2016.01.29-19.51.24:756][562]LogModuleManager: Shutting down and abandoning module OnlineSubsystem (19)
[2016.01.29-19.51.24:757][562]LogModuleManager: Shutting down and abandoning module HTTP (18)
[2016.01.29-19.51.26:761][562]LogModuleManager: Shutting down and abandoning module XMPP (17)
[2016.01.29-19.51.26:761][562]LogModuleManager: Shutting down and abandoning module ExampleDeviceProfileSelector (16)
[2016.01.29-19.51.26:761][562]LogModuleManager: Shutting down and abandoning module DesktopPlatform (15)
[2016.01.29-19.51.26:761][562]LogModuleManager: Shutting down and abandoning module TextureCompressor (14)
[2016.01.29-19.51.26:761][562]LogModuleManager: Shutting down and abandoning module ShaderCore (13)
[2016.01.29-19.51.26:761][562]LogModuleManager: Shutting down and abandoning module Landscape (12)
[2016.01.29-19.51.26:761][562]LogModuleManager: Shutting down and abandoning module SlateRHIRenderer (11)
[2016.01.29-19.51.26:764][562]LogModuleManager: Shutting down and abandoning module OpenGLDrv (10)
[2016.01.29-19.51.26:764][562]LogModuleManager: Shutting down and abandoning module D3D11RHI (9)
[2016.01.29-19.51.26:764][562]LogModuleManager: Shutting down and abandoning module AnimGraphRuntime (8)
[2016.01.29-19.51.26:764][562]LogModuleManager: Shutting down and abandoning module Renderer (7)
[2016.01.29-19.51.26:764][562]LogModuleManager: Shutting down and abandoning module Engine (6)
[2016.01.29-19.51.26:764][562]LogModuleManager: Shutting down and abandoning module CoreUObject (5)
[2016.01.29-19.51.26:764][562]LogModuleManager: Shutting down and abandoning module NetworkFile (4)
[2016.01.29-19.51.26:764][562]LogModuleManager: Shutting down and abandoning module StreamingFile (3)
[2016.01.29-19.51.26:764][562]LogModuleManager: Shutting down and abandoning module SandboxFile (2)
[2016.01.29-19.51.26:764][562]LogModuleManager: Shutting down and abandoning module PakFile (1)
[2016.01.29-19.51.26:765][562]LogExit: Exiting.
[2016.01.29-19.51.26:788][562]Log file closed, 01/29/16 14:51:26
